<?xml version="1.0" encoding="UTF-8"?>
<!-- Generated by org.testng.reporters.JUnitReportReporter -->
<testsuite skipped="0" hostname="DESKTOP-28A6BD0" name="com.qa.base.TestBase1" tests="1" failures="0" timestamp="28 Nov 2019 20:26:38 GMT" time="10.574" errors="0">
  <testcase name="test1" time="10.574" classname="com.qa.base.TestBase1"/>
</testsuite> <!-- com.qa.base.TestBase1 -->
