<?xml version="1.0" encoding="UTF-8"?>
<!-- Generated by org.testng.reporters.JUnitReportReporter -->
<testsuite skipped="0" hostname="DESKTOP-28A6BD0" name="com.qa.base.TestBase2" tests="1" failures="0" timestamp="28 Nov 2019 20:26:38 GMT" time="11.507" errors="0">
  <testcase name="test" time="11.507" classname="com.qa.base.TestBase2"/>
</testsuite> <!-- com.qa.base.TestBase2 -->
